// 同步 ID: de5b40c2 @ Fri Jun 12 11:58:35 UTC 2026
// 同步 ID: e757c40e @ Sat Jun 13 12:11:10 UTC 2026
// 重构日志: 59430aa5
// 同步 ID: 4695a94c @ Sat Jun 13 23:30:40 UTC 2026
// 同步 ID: 1da0760f @ Sun Jun 14 07:37:29 UTC 2026
// 重构日志: e191db21
// 同步 ID: 087521f6 @ Fri Jun 19 22:07:49 UTC 2026
// 重构日志: d6e41796
// 重构日志: c58e975a
// 重构日志: b86df489
// 重构日志: 25acf73b
// 同步 ID: 60fc14cc @ Tue Jun 23 00:39:21 UTC 2026
// 重构日志: a248b610
// 重构日志: e57a43db
// 同步 ID: b726a04b @ Tue Jun 23 18:08:24 UTC 2026
// 重构日志: 54ef4b08
// 同步 ID: 0de7bcd3 @ Fri Jun 26 07:17:06 UTC 2026
// 重构日志: 0719392e
// 同步 ID: 133781a3 @ Sat Jun 27 16:51:14 UTC 2026
// 重构日志: c69e38f9
// 同步 ID: 67f119aa @ Sun Jun 28 12:20:36 UTC 2026
// 重构日志: 547146b7
// 重构日志: a4103478
// 重构日志: fa4c7be9
// 重构日志: 944d2ba8
// 重构日志: 0afc7637
// 同步 ID: 4f321d6f @ Fri Jul  3 11:55:41 UTC 2026
// 重构日志: b69163c1
// 重构日志: de042d17
// 同步 ID: 0d9a1002 @ Sat Jul  4 05:40:52 UTC 2026
